2024-06-23 20:52:40,122 INFO o.s.b.StartupInfoLogger [main] Starting BinfoodApplication using Java 19.0.2 with PID 23052 (D:\nisa\Synrgy Academy 2024\binfood\binfood\target\classes started by user in D:\nisa\Synrgy Academy 2024\binfood\binfood)
2024-06-23 20:52:40,126 INFO o.s.b.SpringApplication [main] No active profile set, falling back to 1 default profile: "default"
2024-06-23 20:52:41,019 INFO o.s.d.r.c.RepositoryConfigurationDelegate [main] Bootstrapping Spring Data JPA repositories in DEFAULT mode.
2024-06-23 20:52:41,089 INFO o.s.d.r.c.RepositoryConfigurationDelegate [main] Finished Spring Data repository scanning in 62 ms. Found 6 JPA repository interfaces.
2024-06-23 20:52:41,704 INFO o.s.b.w.e.t.TomcatWebServer [main] Tomcat initialized with port 8081 (http)
2024-06-23 20:52:41,719 INFO o.a.j.l.DirectJDKLog [main] Initializing ProtocolHandler ["http-nio-8081"]
2024-06-23 20:52:41,722 INFO o.a.j.l.DirectJDKLog [main] Starting service [Tomcat]
2024-06-23 20:52:41,723 INFO o.a.j.l.DirectJDKLog [main] Starting Servlet engine: [Apache Tomcat/10.1.20]
2024-06-23 20:52:41,812 INFO o.a.j.l.DirectJDKLog [main] Initializing Spring embedded WebApplicationContext
2024-06-23 20:52:41,814 INFO o.s.b.w.s.c.ServletWebServerApplicationContext [main] Root WebApplicationContext: initialization completed in 1653 ms
2024-06-23 20:52:41,857 ERROR o.s.b.w.e.t.TomcatStarter [main] Error starting Tomcat context. Exception: org.springframework.beans.factory.UnsatisfiedDependencyException. Message: Error creating bean with name 'jwtRequestFilter': Unsatisfied dependency expressed through field 'customUserDetailsService': Error creating bean with name 'userDetailsServiceImpl': Unsatisfied dependency expressed through field 'userRepository': Error creating bean with name 'userRepository' defined in com.rahmi.binfood.repository.UserRepository defined in @EnableJpaRepositories declared on JpaRepositoriesRegistrar.EnableJpaRepositoriesConfiguration: Cannot resolve reference to bean 'jpaSharedEM_entityManagerFactory' while setting bean property 'entityManager'
2024-06-23 20:52:41,893 INFO o.a.j.l.DirectJDKLog [main] Stopping service [Tomcat]
2024-06-23 20:52:41,915 WARN o.s.c.s.AbstractApplicationContext [main] Exception encountered during context initialization - cancelling refresh attempt: org.springframework.context.ApplicationContextException: Unable to start web server
2024-06-23 20:52:41,933 INFO o.s.b.a.l.ConditionEvaluationReportLogger [main] 

Error starting ApplicationContext. To display the condition evaluation report re-run your application with 'debug' enabled.
2024-06-23 20:52:41,968 ERROR o.s.b.d.LoggingFailureAnalysisReporter [main] 

***************************
APPLICATION FAILED TO START
***************************

Description:

Failed to bind properties under 'spring.datasource.password' to java.lang.String:

    Property: spring.datasource.password
    Value: "${spring.datasource.password}"
    Origin: class path resource [application.properties] - 6:28
    Reason: java.lang.IllegalArgumentException: Circular placeholder reference 'spring.datasource.password' in property definitions

Action:

Update your application's configuration

